This file contains any messages produced by compilers while
running configure, to aid debugging if configure makes a mistake.

It was created by openspace configure 0.0.0.1, which was
generated by GNU Autoconf 2.59.  Invocation command line was

  $ ./configure CC=gcc CXX=g++ --no-create --no-recursion

## --------- ##
## Platform. ##
## --------- ##

hostname = compbatant
uname -m = i686
uname -r = 2.6.10-gentoo-r4
uname -s = Linux
uname -v = #3 Fri Apr 22 17:23:11 CEST 2005

/usr/bin/uname -p = AMD Athlon(tm) XP 1700+
/bin/uname -X     = unknown

/bin/arch              = i686
/usr/bin/arch -k       = unknown
/usr/convex/getsysinfo = unknown
hostinfo               = unknown
/bin/machine           = unknown
/usr/bin/oslevel       = unknown
/bin/universe          = unknown

PATH: /bin
PATH: /sbin
PATH: /usr/bin
PATH: /usr/sbin
PATH: /usr/local/bin
PATH: /opt/bin
PATH: /usr/i686-pc-linux-gnu/gcc-bin/3.3
PATH: /usr/X11R6/bin
PATH: /opt/blackdown-jdk-1.4.2_rc1/bin
PATH: /opt/blackdown-jdk-1.4.2_rc1/jre/bin
PATH: /usr/qt/3/bin
PATH: /usr/kde/3.3/sbin
PATH: /usr/kde/3.3/bin
PATH: /usr/kde/3.2/sbin
PATH: /usr/kde/3.2/bin
PATH: /opt/vmware/bin


## ----------- ##
## Core tests. ##
## ----------- ##

configure:1554: checking for a BSD-compatible install
configure:1609: result: /bin/install -c
configure:1620: checking whether build environment is sane
configure:1663: result: yes
configure:1728: checking for gawk
configure:1744: found /bin/gawk
configure:1754: result: gawk
configure:1764: checking whether make sets $(MAKE)
configure:1784: result: yes
configure:2047: checking for C++ compiler version
configure:2050: g++ --version </dev/null >&5
g++ (GCC) 3.3.4 20040623 (Gentoo Linux 3.3.4-r1, ssp-3.3.2-2, pie-8.7.6)
Copyright (C) 2003 Free Software Foundation, Inc.
This is free software; see the source for copying conditions.  There is NO
warranty; not even for MERCHANTABILITY or FITNESS FOR A PARTICULAR PURPOSE.

configure:2053: $? = 0
configure:2055: g++ -v </dev/null >&5
Reading specs from /usr/lib/gcc-lib/i686-pc-linux-gnu/3.3.4/specs
Configured with: /var/tmp/portage/gcc-3.3.4-r1/work/gcc-3.3.4/configure --prefix=/usr --bindir=/usr/i686-pc-linux-gnu/gcc-bin/3.3 --includedir=/usr/lib/gcc-lib/i686-pc-linux-gnu/3.3.4/include --datadir=/usr/share/gcc-data/i686-pc-linux-gnu/3.3 --mandir=/usr/share/gcc-data/i686-pc-linux-gnu/3.3/man --infodir=/usr/share/gcc-data/i686-pc-linux-gnu/3.3/info --enable-shared --host=i686-pc-linux-gnu --target=i686-pc-linux-gnu --with-system-zlib --enable-languages=c,c++ --enable-threads=posix --enable-long-long --disable-checking --disable-libunwind-exceptions --enable-cstdio=stdio --enable-version-specific-runtime-libs --with-gxx-include-dir=/usr/lib/gcc-lib/i686-pc-linux-gnu/3.3.4/include/g++-v3 --with-local-prefix=/usr/local --enable-shared --enable-nls --without-included-gettext --disable-multilib --enable-__cxa_atexit --enable-clocale=generic
Thread model: posix
gcc version 3.3.4 20040623 (Gentoo Linux 3.3.4-r1, ssp-3.3.2-2, pie-8.7.6)
configure:2058: $? = 0
configure:2060: g++ -V </dev/null >&5
g++: `-V' option must have argument
configure:2063: $? = 1
configure:2086: checking for C++ compiler default output file name
configure:2089: g++    conftest.cc  >&5
configure:2092: $? = 0
configure:2138: result: a.out
configure:2143: checking whether the C++ compiler works
configure:2149: ./a.out
configure:2152: $? = 0
configure:2169: result: yes
configure:2176: checking whether we are cross compiling
configure:2178: result: no
configure:2181: checking for suffix of executables
configure:2183: g++ -o conftest    conftest.cc  >&5
configure:2186: $? = 0
configure:2211: result: 
configure:2217: checking for suffix of object files
configure:2238: g++ -c   conftest.cc >&5
configure:2241: $? = 0
configure:2263: result: o
configure:2267: checking whether we are using the GNU C++ compiler
configure:2291: g++ -c   conftest.cc >&5
configure:2297: $? = 0
configure:2301: test -z 
			 || test ! -s conftest.err
configure:2304: $? = 0
configure:2307: test -s conftest.o
configure:2310: $? = 0
configure:2323: result: yes
configure:2329: checking whether g++ accepts -g
configure:2350: g++ -c -g  conftest.cc >&5
configure:2356: $? = 0
configure:2360: test -z 
			 || test ! -s conftest.err
configure:2363: $? = 0
configure:2366: test -s conftest.o
configure:2369: $? = 0
configure:2380: result: yes
configure:2422: g++ -c -g -O2  conftest.cc >&5
configure:2428: $? = 0
configure:2432: test -z 
			 || test ! -s conftest.err
configure:2435: $? = 0
configure:2438: test -s conftest.o
configure:2441: $? = 0
configure:2467: g++ -c -g -O2  conftest.cc >&5
conftest.cc: In function `int main()':
conftest.cc:15: error: `exit' undeclared (first use this function)
conftest.cc:15: error: (Each undeclared identifier is reported only once for 
   each function it appears in.)
configure:2473: $? = 1
configure: failed program was:
| /* confdefs.h.  */
| 
| #define PACKAGE_NAME "openspace"
| #define PACKAGE_TARNAME "openspace"
| #define PACKAGE_VERSION "0.0.0.1"
| #define PACKAGE_STRING "openspace 0.0.0.1"
| #define PACKAGE_BUGREPORT "compbatant@t-nas.org"
| #define PACKAGE "openspace"
| #define VERSION "0.0.0.1"
| /* end confdefs.h.  */
| 
| int
| main ()
| {
| exit (42);
|   ;
|   return 0;
| }
configure:2422: g++ -c -g -O2  conftest.cc >&5
configure:2428: $? = 0
configure:2432: test -z 
			 || test ! -s conftest.err
configure:2435: $? = 0
configure:2438: test -s conftest.o
configure:2441: $? = 0
configure:2467: g++ -c -g -O2  conftest.cc >&5
configure:2473: $? = 0
configure:2477: test -z 
			 || test ! -s conftest.err
configure:2480: $? = 0
configure:2483: test -s conftest.o
configure:2486: $? = 0
configure:2520: checking for style of include used by make
configure:2548: result: GNU
configure:2576: checking dependency style of g++
configure:2666: result: gcc3
configure:2729: checking for gcc
configure:2755: result: gcc
configure:2999: checking for C compiler version
configure:3002: gcc --version </dev/null >&5
gcc (GCC) 3.3.4 20040623 (Gentoo Linux 3.3.4-r1, ssp-3.3.2-2, pie-8.7.6)
Copyright (C) 2003 Free Software Foundation, Inc.
This is free software; see the source for copying conditions.  There is NO
warranty; not even for MERCHANTABILITY or FITNESS FOR A PARTICULAR PURPOSE.

configure:3005: $? = 0
configure:3007: gcc -v </dev/null >&5
Reading specs from /usr/lib/gcc-lib/i686-pc-linux-gnu/3.3.4/specs
Configured with: /var/tmp/portage/gcc-3.3.4-r1/work/gcc-3.3.4/configure --prefix=/usr --bindir=/usr/i686-pc-linux-gnu/gcc-bin/3.3 --includedir=/usr/lib/gcc-lib/i686-pc-linux-gnu/3.3.4/include --datadir=/usr/share/gcc-data/i686-pc-linux-gnu/3.3 --mandir=/usr/share/gcc-data/i686-pc-linux-gnu/3.3/man --infodir=/usr/share/gcc-data/i686-pc-linux-gnu/3.3/info --enable-shared --host=i686-pc-linux-gnu --target=i686-pc-linux-gnu --with-system-zlib --enable-languages=c,c++ --enable-threads=posix --enable-long-long --disable-checking --disable-libunwind-exceptions --enable-cstdio=stdio --enable-version-specific-runtime-libs --with-gxx-include-dir=/usr/lib/gcc-lib/i686-pc-linux-gnu/3.3.4/include/g++-v3 --with-local-prefix=/usr/local --enable-shared --enable-nls --without-included-gettext --disable-multilib --enable-__cxa_atexit --enable-clocale=generic
Thread model: posix
gcc version 3.3.4 20040623 (Gentoo Linux 3.3.4-r1, ssp-3.3.2-2, pie-8.7.6)
configure:3010: $? = 0
configure:3012: gcc -V </dev/null >&5
gcc: `-V' option must have argument
configure:3015: $? = 1
configure:3018: checking whether we are using the GNU C compiler
configure:3042: gcc -c   conftest.c >&5
configure:3048: $? = 0
configure:3052: test -z 
			 || test ! -s conftest.err
configure:3055: $? = 0
configure:3058: test -s conftest.o
configure:3061: $? = 0
configure:3074: result: yes
configure:3080: checking whether gcc accepts -g
configure:3101: gcc -c -g  conftest.c >&5
configure:3107: $? = 0
configure:3111: test -z 
			 || test ! -s conftest.err
configure:3114: $? = 0
configure:3117: test -s conftest.o
configure:3120: $? = 0
configure:3131: result: yes
configure:3148: checking for gcc option to accept ANSI C
configure:3218: gcc  -c -g -O2  conftest.c >&5
configure:3224: $? = 0
configure:3228: test -z 
			 || test ! -s conftest.err
configure:3231: $? = 0
configure:3234: test -s conftest.o
configure:3237: $? = 0
configure:3255: result: none needed
configure:3273: gcc -c -g -O2  conftest.c >&5
conftest.c:2: error: syntax error before "me"
configure:3279: $? = 1
configure: failed program was:
| #ifndef __cplusplus
|   choke me
| #endif
configure:3414: checking dependency style of gcc
configure:3504: result: gcc3
configure:3526: checking how to run the C preprocessor
configure:3561: gcc -E  conftest.c
configure:3567: $? = 0
configure:3599: gcc -E  conftest.c
conftest.c:14:28: ac_nonexistent.h: No such file or directory
configure:3605: $? = 1
configure: failed program was:
| /* confdefs.h.  */
| 
| #define PACKAGE_NAME "openspace"
| #define PACKAGE_TARNAME "openspace"
| #define PACKAGE_VERSION "0.0.0.1"
| #define PACKAGE_STRING "openspace 0.0.0.1"
| #define PACKAGE_BUGREPORT "compbatant@t-nas.org"
| #define PACKAGE "openspace"
| #define VERSION "0.0.0.1"
| #ifdef __cplusplus
| extern "C" void std::exit (int) throw (); using std::exit;
| #endif
| /* end confdefs.h.  */
| #include <ac_nonexistent.h>
configure:3644: result: gcc -E
configure:3668: gcc -E  conftest.c
configure:3674: $? = 0
configure:3706: gcc -E  conftest.c
conftest.c:14:28: ac_nonexistent.h: No such file or directory
configure:3712: $? = 1
configure: failed program was:
| /* confdefs.h.  */
| 
| #define PACKAGE_NAME "openspace"
| #define PACKAGE_TARNAME "openspace"
| #define PACKAGE_VERSION "0.0.0.1"
| #define PACKAGE_STRING "openspace 0.0.0.1"
| #define PACKAGE_BUGREPORT "compbatant@t-nas.org"
| #define PACKAGE "openspace"
| #define VERSION "0.0.0.1"
| #ifdef __cplusplus
| extern "C" void std::exit (int) throw (); using std::exit;
| #endif
| /* end confdefs.h.  */
| #include <ac_nonexistent.h>
configure:3835: checking build system type
configure:3853: result: i686-pc-linux-gnu
configure:3861: checking host system type
configure:3875: result: i686-pc-linux-gnu
configure:3883: checking for a sed that does not truncate output
configure:3937: result: /bin/sed
configure:3940: checking for egrep
configure:3950: result: grep -E
configure:3966: checking for ld used by gcc
configure:4033: result: /usr/i686-pc-linux-gnu/bin/ld
configure:4042: checking if the linker (/usr/i686-pc-linux-gnu/bin/ld) is GNU ld
configure:4057: result: yes
configure:4062: checking for /usr/i686-pc-linux-gnu/bin/ld option to reload object files
configure:4069: result: -r
configure:4087: checking for BSD-compatible nm
configure:4129: result: /usr/bin/nm -B
configure:4133: checking whether ln -s works
configure:4137: result: yes
configure:4144: checking how to recognise dependent libraries
configure:4316: result: pass_all
configure:4448: gcc -c -g -O2  conftest.c >&5
configure:4451: $? = 0
configure:4544: checking for ANSI C header files
configure:4569: gcc -c -g -O2  conftest.c >&5
configure:4575: $? = 0
configure:4579: test -z 
			 || test ! -s conftest.err
configure:4582: $? = 0
configure:4585: test -s conftest.o
configure:4588: $? = 0
configure:4677: gcc -o conftest -g -O2   conftest.c  >&5
configure:4680: $? = 0
configure:4682: ./conftest
configure:4685: $? = 0
configure:4700: result: yes
configure:4724: checking for sys/types.h
configure:4740: gcc -c -g -O2  conftest.c >&5
configure:4746: $? = 0
configure:4750: test -z 
			 || test ! -s conftest.err
configure:4753: $? = 0
configure:4756: test -s conftest.o
configure:4759: $? = 0
configure:4770: result: yes
configure:4724: checking for sys/stat.h
configure:4740: gcc -c -g -O2  conftest.c >&5
configure:4746: $? = 0
configure:4750: test -z 
			 || test ! -s conftest.err
configure:4753: $? = 0
configure:4756: test -s conftest.o
configure:4759: $? = 0
configure:4770: result: yes
configure:4724: checking for stdlib.h
configure:4740: gcc -c -g -O2  conftest.c >&5
configure:4746: $? = 0
configure:4750: test -z 
			 || test ! -s conftest.err
configure:4753: $? = 0
configure:4756: test -s conftest.o
configure:4759: $? = 0
configure:4770: result: yes
configure:4724: checking for string.h
configure:4740: gcc -c -g -O2  conftest.c >&5
configure:4746: $? = 0
configure:4750: test -z 
			 || test ! -s conftest.err
configure:4753: $? = 0
configure:4756: test -s conftest.o
configure:4759: $? = 0
configure:4770: result: yes
configure:4724: checking for memory.h
configure:4740: gcc -c -g -O2  conftest.c >&5
configure:4746: $? = 0
configure:4750: test -z 
			 || test ! -s conftest.err
configure:4753: $? = 0
configure:4756: test -s conftest.o
configure:4759: $? = 0
configure:4770: result: yes
configure:4724: checking for strings.h
configure:4740: gcc -c -g -O2  conftest.c >&5
configure:4746: $? = 0
configure:4750: test -z 
			 || test ! -s conftest.err
configure:4753: $? = 0
configure:4756: test -s conftest.o
configure:4759: $? = 0
configure:4770: result: yes
configure:4724: checking for inttypes.h
configure:4740: gcc -c -g -O2  conftest.c >&5
configure:4746: $? = 0
configure:4750: test -z 
			 || test ! -s conftest.err
configure:4753: $? = 0
configure:4756: test -s conftest.o
configure:4759: $? = 0
configure:4770: result: yes
configure:4724: checking for stdint.h
configure:4740: gcc -c -g -O2  conftest.c >&5
configure:4746: $? = 0
configure:4750: test -z 
			 || test ! -s conftest.err
configure:4753: $? = 0
configure:4756: test -s conftest.o
configure:4759: $? = 0
configure:4770: result: yes
configure:4724: checking for unistd.h
configure:4740: gcc -c -g -O2  conftest.c >&5
configure:4746: $? = 0
configure:4750: test -z 
			 || test ! -s conftest.err
configure:4753: $? = 0
configure:4756: test -s conftest.o
configure:4759: $? = 0
configure:4770: result: yes
configure:4796: checking dlfcn.h usability
configure:4808: gcc -c -g -O2  conftest.c >&5
configure:4814: $? = 0
configure:4818: test -z 
			 || test ! -s conftest.err
configure:4821: $? = 0
configure:4824: test -s conftest.o
configure:4827: $? = 0
configure:4837: result: yes
configure:4841: checking dlfcn.h presence
configure:4851: gcc -E  conftest.c
configure:4857: $? = 0
configure:4877: result: yes
configure:4912: checking for dlfcn.h
configure:4919: result: yes
configure:4942: checking how to run the C++ preprocessor
configure:4973: g++ -E  conftest.cc
configure:4979: $? = 0
configure:5011: g++ -E  conftest.cc
conftest.cc:25:28: ac_nonexistent.h: No such file or directory
configure:5017: $? = 1
configure: failed program was:
| /* confdefs.h.  */
| 
| #define PACKAGE_NAME "openspace"
| #define PACKAGE_TARNAME "openspace"
| #define PACKAGE_VERSION "0.0.0.1"
| #define PACKAGE_STRING "openspace 0.0.0.1"
| #define PACKAGE_BUGREPORT "compbatant@t-nas.org"
| #define PACKAGE "openspace"
| #define VERSION "0.0.0.1"
| #ifdef __cplusplus
| extern "C" void std::exit (int) throw (); using std::exit;
| #endif
| #define STDC_HEADERS 1
| #define HAVE_SYS_TYPES_H 1
| #define HAVE_SYS_STAT_H 1
| #define HAVE_STDLIB_H 1
| #define HAVE_STRING_H 1
| #define HAVE_MEMORY_H 1
| #define HAVE_STRINGS_H 1
| #define HAVE_INTTYPES_H 1
| #define HAVE_STDINT_H 1
| #define HAVE_UNISTD_H 1
| #define HAVE_DLFCN_H 1
| /* end confdefs.h.  */
| #include <ac_nonexistent.h>
configure:5056: result: g++ -E
configure:5080: g++ -E  conftest.cc
configure:5086: $? = 0
configure:5118: g++ -E  conftest.cc
conftest.cc:25:28: ac_nonexistent.h: No such file or directory
configure:5124: $? = 1
configure: failed program was:
| /* confdefs.h.  */
| 
| #define PACKAGE_NAME "openspace"
| #define PACKAGE_TARNAME "openspace"
| #define PACKAGE_VERSION "0.0.0.1"
| #define PACKAGE_STRING "openspace 0.0.0.1"
| #define PACKAGE_BUGREPORT "compbatant@t-nas.org"
| #define PACKAGE "openspace"
| #define VERSION "0.0.0.1"
| #ifdef __cplusplus
| extern "C" void std::exit (int) throw (); using std::exit;
| #endif
| #define STDC_HEADERS 1
| #define HAVE_SYS_TYPES_H 1
| #define HAVE_SYS_STAT_H 1
| #define HAVE_STDLIB_H 1
| #define HAVE_STRING_H 1
| #define HAVE_MEMORY_H 1
| #define HAVE_STRINGS_H 1
| #define HAVE_INTTYPES_H 1
| #define HAVE_STDINT_H 1
| #define HAVE_UNISTD_H 1
| #define HAVE_DLFCN_H 1
| /* end confdefs.h.  */
| #include <ac_nonexistent.h>
configure:5221: checking for g77
configure:5250: result: no
configure:5221: checking for f77
configure:5250: result: no
configure:5221: checking for xlf
configure:5250: result: no
configure:5221: checking for frt
configure:5250: result: no
configure:5221: checking for pgf77
configure:5250: result: no
configure:5221: checking for fort77
configure:5250: result: no
configure:5221: checking for fl32
configure:5250: result: no
configure:5221: checking for af77
configure:5250: result: no
configure:5221: checking for f90
configure:5250: result: no
configure:5221: checking for xlf90
configure:5250: result: no
configure:5221: checking for pgf90
configure:5250: result: no
configure:5221: checking for epcf90
configure:5250: result: no
configure:5221: checking for f95
configure:5250: result: no
configure:5221: checking for fort
configure:5250: result: no
configure:5221: checking for xlf95
configure:5250: result: no
configure:5221: checking for ifc
configure:5250: result: no
configure:5221: checking for efc
configure:5250: result: no
configure:5221: checking for pgf95
configure:5250: result: no
configure:5221: checking for lf95
configure:5250: result: no
configure:5221: checking for gfortran
configure:5250: result: no
configure:5262: checking for Fortran 77 compiler version
configure:5265:  --version </dev/null >&5
./configure: line 5266: --version: command not found
configure:5268: $? = 127
configure:5270:  -v </dev/null >&5
./configure: line 5271: -v: command not found
configure:5273: $? = 127
configure:5275:  -V </dev/null >&5
./configure: line 5276: -V: command not found
configure:5278: $? = 127
configure:5286: checking whether we are using the GNU Fortran 77 compiler
configure:5300:  -c  conftest.F >&5
./configure: line 5301: -c: command not found
configure:5306: $? = 127
configure: failed program was:
|       program main
| #ifndef __GNUC__
|        choke me
| #endif
| 
|       end
configure:5332: result: no
configure:5338: checking whether  accepts -g
configure:5350:  -c -g conftest.f >&5
./configure: line 5351: -c: command not found
configure:5356: $? = 127
configure: failed program was:
|       program main
| 
|       end
configure:5381: result: no
configure:5411: checking the maximum length of command line arguments
configure:5503: result: 32768
configure:5514: checking command to parse /usr/bin/nm -B output from gcc object
configure:5610: gcc -c -g -O2  conftest.c >&5
configure:5613: $? = 0
configure:5617: /usr/bin/nm -B conftest.o \| sed -n -e 's/^.*[ 	]\([ABCDGIRSTW][ABCDGIRSTW]*\)[ 	][ 	]*\([_A-Za-z][_A-Za-z0-9]*\)$/\1 \2 \2/p' \> conftest.nm
configure:5620: $? = 0
configure:5672: gcc -o conftest -g -O2   conftest.c conftstm.o >&5
configure:5675: $? = 0
configure:5713: result: ok
configure:5717: checking for objdir
configure:5732: result: .libs
configure:5822: checking for ar
configure:5838: found /usr/bin/ar
configure:5849: result: ar
configure:5902: checking for ranlib
configure:5918: found /usr/bin/ranlib
configure:5929: result: ranlib
configure:5982: checking for strip
configure:5998: found /usr/bin/strip
configure:6009: result: strip
configure:6231: checking for correct ltmain.sh version
configure:6261: result: yes
configure:6337: checking if gcc static flag  works
configure:6365: result: yes
configure:6383: checking if gcc supports -fno-rtti -fno-exceptions
configure:6401: gcc -c -g -O2  -fno-rtti -fno-exceptions conftest.c >&5
cc1: warning: "-fno-rtti" is valid for C++ but not for C/ObjC
configure:6405: $? = 0
configure:6418: result: no
configure:6433: checking for gcc option to produce PIC
configure:6637: result: -fPIC
configure:6645: checking if gcc PIC flag -fPIC works
configure:6663: gcc -c -g -O2  -fPIC -DPIC conftest.c >&5
configure:6667: $? = 0
configure:6680: result: yes
configure:6704: checking if gcc supports -c -o file.o
configure:6725: gcc -c -g -O2  -o out/conftest2.o conftest.c >&5
configure:6729: $? = 0
configure:6751: result: yes
configure:6777: checking whether the gcc linker (/usr/i686-pc-linux-gnu/bin/ld) supports shared libraries
configure:7672: result: yes
configure:7698: checking whether -lc should be explicitly linked in
configure:7703: gcc -c -g -O2  conftest.c >&5
configure:7706: $? = 0
configure:7720: gcc -shared conftest.o  -v -Wl,-soname -Wl,conftest -o conftest 2\>\&1 \| grep  -lc  \>/dev/null 2\>\&1
configure:7723: $? = 0
configure:7735: result: no
configure:7743: checking dynamic linker characteristics
configure:8340: result: GNU/Linux ld.so
configure:8344: checking how to hardcode library paths into programs
configure:8369: result: immediate
configure:8383: checking whether stripping libraries is possible
configure:8388: result: yes
configure:9218: checking if libtool supports shared libraries
configure:9220: result: yes
configure:9223: checking whether to build shared libraries
configure:9244: result: yes
configure:9247: checking whether to build static libraries
configure:9251: result: yes
configure:9343: creating libtool
configure:9921: checking for ld used by g++
configure:9988: result: /usr/i686-pc-linux-gnu/bin/ld
configure:9997: checking if the linker (/usr/i686-pc-linux-gnu/bin/ld) is GNU ld
configure:10012: result: yes
configure:10063: checking whether the g++ linker (/usr/i686-pc-linux-gnu/bin/ld) supports shared libraries
configure:10950: result: yes
configure:10968: g++ -c -g -O2  conftest.cc >&5
configure:10971: $? = 0
configure:11067: checking for g++ option to produce PIC
configure:11335: result: -fPIC
configure:11343: checking if g++ PIC flag -fPIC works
configure:11361: g++ -c -g -O2  -fPIC -DPIC conftest.cc >&5
configure:11365: $? = 0
configure:11378: result: yes
configure:11402: checking if g++ supports -c -o file.o
configure:11423: g++ -c -g -O2  -o out/conftest2.o conftest.cc >&5
configure:11427: $? = 0
configure:11449: result: yes
configure:11475: checking whether the g++ linker (/usr/i686-pc-linux-gnu/bin/ld) supports shared libraries
configure:11500: result: yes
configure:11571: checking dynamic linker characteristics
configure:12168: result: GNU/Linux ld.so
configure:12172: checking how to hardcode library paths into programs
configure:12197: result: immediate
configure:12211: checking whether stripping libraries is possible
configure:12216: result: yes
configure:19833: checking for dirent.h that defines DIR
configure:19857: gcc -c -g -O2  conftest.c >&5
configure:19863: $? = 0
configure:19867: test -z 
			 || test ! -s conftest.err
configure:19870: $? = 0
configure:19873: test -s conftest.o
configure:19876: $? = 0
configure:19887: result: yes
configure:19900: checking for library containing opendir
configure:19930: gcc -o conftest -g -O2   conftest.c  >&5
configure:19936: $? = 0
configure:19940: test -z 
			 || test ! -s conftest.err
configure:19943: $? = 0
configure:19946: test -s conftest
configure:19949: $? = 0
configure:20019: result: none required
configure:20155: checking for ANSI C header files
configure:20311: result: yes
configure:20321: checking for sys/wait.h that is POSIX.1 compatible
configure:20352: gcc -c -g -O2  conftest.c >&5
configure:20358: $? = 0
configure:20362: test -z 
			 || test ! -s conftest.err
configure:20365: $? = 0
configure:20368: test -s conftest.o
configure:20371: $? = 0
configure:20382: result: yes
configure:20410: checking fcntl.h usability
configure:20422: gcc -c -g -O2  conftest.c >&5
configure:20428: $? = 0
configure:20432: test -z 
			 || test ! -s conftest.err
configure:20435: $? = 0
configure:20438: test -s conftest.o
configure:20441: $? = 0
configure:20451: result: yes
configure:20455: checking fcntl.h presence
configure:20465: gcc -E  conftest.c
configure:20471: $? = 0
configure:20491: result: yes
configure:20526: checking for fcntl.h
configure:20533: result: yes
configure:20401: checking for stdlib.h
configure:20406: result: yes
configure:20410: checking sys/mount.h usability
configure:20422: gcc -c -g -O2  conftest.c >&5
configure:20428: $? = 0
configure:20432: test -z 
			 || test ! -s conftest.err
configure:20435: $? = 0
configure:20438: test -s conftest.o
configure:20441: $? = 0
configure:20451: result: yes
configure:20455: checking sys/mount.h presence
configure:20465: gcc -E  conftest.c
configure:20471: $? = 0
configure:20491: result: yes
configure:20526: checking for sys/mount.h
configure:20533: result: yes
configure:20410: checking sys/vfs.h usability
configure:20422: gcc -c -g -O2  conftest.c >&5
configure:20428: $? = 0
configure:20432: test -z 
			 || test ! -s conftest.err
configure:20435: $? = 0
configure:20438: test -s conftest.o
configure:20441: $? = 0
configure:20451: result: yes
configure:20455: checking sys/vfs.h presence
configure:20465: gcc -E  conftest.c
configure:20471: $? = 0
configure:20491: result: yes
configure:20526: checking for sys/vfs.h
configure:20533: result: yes
configure:20401: checking for unistd.h
configure:20406: result: yes
configure:20548: checking for stdbool.h that conforms to C99
configure:20601: gcc -c -g -O2  conftest.c >&5
configure:20607: $? = 0
configure:20611: test -z 
			 || test ! -s conftest.err
configure:20614: $? = 0
configure:20617: test -s conftest.o
configure:20620: $? = 0
configure:20631: result: yes
configure:20633: checking for _Bool
configure:20657: gcc -c -g -O2  conftest.c >&5
configure:20663: $? = 0
configure:20667: test -z 
			 || test ! -s conftest.err
configure:20670: $? = 0
configure:20673: test -s conftest.o
configure:20676: $? = 0
configure:20687: result: yes
configure:20706: checking for an ANSI C-conforming const
configure:20773: gcc -c -g -O2  conftest.c >&5
configure:20779: $? = 0
configure:20783: test -z 
			 || test ! -s conftest.err
configure:20786: $? = 0
configure:20789: test -s conftest.o
configure:20792: $? = 0
configure:20803: result: yes
configure:20813: checking for struct stat.st_rdev
configure:20836: gcc -c -g -O2  conftest.c >&5
configure:20842: $? = 0
configure:20846: test -z 
			 || test ! -s conftest.err
configure:20849: $? = 0
configure:20852: test -s conftest.o
configure:20855: $? = 0
configure:20912: result: yes
configure:20925: checking whether closedir returns void
configure:20954: gcc -o conftest -g -O2   conftest.c  >&5
configure:20957: $? = 0
configure:20959: ./conftest
configure:20962: $? = 0
configure:20976: result: no
configure:20986: checking for pid_t
configure:21010: gcc -c -g -O2  conftest.c >&5
configure:21016: $? = 0
configure:21020: test -z 
			 || test ! -s conftest.err
configure:21023: $? = 0
configure:21026: test -s conftest.o
configure:21029: $? = 0
configure:21040: result: yes
configure:21058: checking for unistd.h
configure:21063: result: yes
configure:21067: checking vfork.h usability
configure:21079: gcc -c -g -O2  conftest.c >&5
conftest.c:71:19: vfork.h: No such file or directory
configure:21085: $? = 1
configure: failed program was:
| /* confdefs.h.  */
| 
| #define PACKAGE_NAME "openspace"
| #define PACKAGE_TARNAME "openspace"
| #define PACKAGE_VERSION "0.0.0.1"
| #define PACKAGE_STRING "openspace 0.0.0.1"
| #define PACKAGE_BUGREPORT "compbatant@t-nas.org"
| #define PACKAGE "openspace"
| #define VERSION "0.0.0.1"
| #ifdef __cplusplus
| extern "C" void std::exit (int) throw (); using std::exit;
| #endif
| #define STDC_HEADERS 1
| #define HAVE_SYS_TYPES_H 1
| #define HAVE_SYS_STAT_H 1
| #define HAVE_STDLIB_H 1
| #define HAVE_STRING_H 1
| #define HAVE_MEMORY_H 1
| #define HAVE_STRINGS_H 1
| #define HAVE_INTTYPES_H 1
| #define HAVE_STDINT_H 1
| #define HAVE_UNISTD_H 1
| #define HAVE_DLFCN_H 1
| #define HAVE_DIRENT_H 1
| #define STDC_HEADERS 1
| #define HAVE_SYS_WAIT_H 1
| #define HAVE_FCNTL_H 1
| #define HAVE_STDLIB_H 1
| #define HAVE_SYS_MOUNT_H 1
| #define HAVE_SYS_VFS_H 1
| #define HAVE_UNISTD_H 1
| #define HAVE__BOOL 1
| #define HAVE_STDBOOL_H 1
| #define HAVE_STRUCT_STAT_ST_RDEV 1
| #define HAVE_UNISTD_H 1
| /* end confdefs.h.  */
| #include <stdio.h>
| #if HAVE_SYS_TYPES_H
| # include <sys/types.h>
| #endif
| #if HAVE_SYS_STAT_H
| # include <sys/stat.h>
| #endif
| #if STDC_HEADERS
| # include <stdlib.h>
| # include <stddef.h>
| #else
| # if HAVE_STDLIB_H
| #  include <stdlib.h>
| # endif
| #endif
| #if HAVE_STRING_H
| # if !STDC_HEADERS && HAVE_MEMORY_H
| #  include <memory.h>
| # endif
| # include <string.h>
| #endif
| #if HAVE_STRINGS_H
| # include <strings.h>
| #endif
| #if HAVE_INTTYPES_H
| # include <inttypes.h>
| #else
| # if HAVE_STDINT_H
| #  include <stdint.h>
| # endif
| #endif
| #if HAVE_UNISTD_H
| # include <unistd.h>
| #endif
| #include <vfork.h>
configure:21108: result: no
configure:21112: checking vfork.h presence
configure:21122: gcc -E  conftest.c
conftest.c:37:19: vfork.h: No such file or directory
configure:21128: $? = 1
configure: failed program was:
| /* confdefs.h.  */
| 
| #define PACKAGE_NAME "openspace"
| #define PACKAGE_TARNAME "openspace"
| #define PACKAGE_VERSION "0.0.0.1"
| #define PACKAGE_STRING "openspace 0.0.0.1"
| #define PACKAGE_BUGREPORT "compbatant@t-nas.org"
| #define PACKAGE "openspace"
| #define VERSION "0.0.0.1"
| #ifdef __cplusplus
| extern "C" void std::exit (int) throw (); using std::exit;
| #endif
| #define STDC_HEADERS 1
| #define HAVE_SYS_TYPES_H 1
| #define HAVE_SYS_STAT_H 1
| #define HAVE_STDLIB_H 1
| #define HAVE_STRING_H 1
| #define HAVE_MEMORY_H 1
| #define HAVE_STRINGS_H 1
| #define HAVE_INTTYPES_H 1
| #define HAVE_STDINT_H 1
| #define HAVE_UNISTD_H 1
| #define HAVE_DLFCN_H 1
| #define HAVE_DIRENT_H 1
| #define STDC_HEADERS 1
| #define HAVE_SYS_WAIT_H 1
| #define HAVE_FCNTL_H 1
| #define HAVE_STDLIB_H 1
| #define HAVE_SYS_MOUNT_H 1
| #define HAVE_SYS_VFS_H 1
| #define HAVE_UNISTD_H 1
| #define HAVE__BOOL 1
| #define HAVE_STDBOOL_H 1
| #define HAVE_STRUCT_STAT_ST_RDEV 1
| #define HAVE_UNISTD_H 1
| /* end confdefs.h.  */
| #include <vfork.h>
configure:21148: result: no
configure:21183: checking for vfork.h
configure:21190: result: no
configure:21208: checking for fork
configure:21265: gcc -o conftest -g -O2   conftest.c  >&5
configure:21271: $? = 0
configure:21275: test -z 
			 || test ! -s conftest.err
configure:21278: $? = 0
configure:21281: test -s conftest
configure:21284: $? = 0
configure:21296: result: yes
configure:21208: checking for vfork
configure:21265: gcc -o conftest -g -O2   conftest.c  >&5
configure:21271: $? = 0
configure:21275: test -z 
			 || test ! -s conftest.err
configure:21278: $? = 0
configure:21281: test -s conftest
configure:21284: $? = 0
configure:21296: result: yes
configure:21307: checking for working fork
configure:21330: gcc -o conftest -g -O2   conftest.c  >&5
configure:21333: $? = 0
configure:21335: ./conftest
configure:21338: $? = 0
configure:21352: result: yes
configure:21373: checking for working vfork
configure:21506: result: yes
configure:21538: checking whether gcc needs -traditional
configure:21580: result: no
configure:21587: checking whether lstat dereferences a symlink specified with a trailing slash
configure:21618: gcc -o conftest -g -O2   conftest.c  >&5
configure:21621: $? = 0
configure:21623: ./conftest
configure:21626: $? = 0
configure:21647: result: yes
configure:21668: checking whether lstat accepts an empty string
configure:21693: gcc -o conftest -g -O2   conftest.c  >&5
configure:21696: $? = 0
configure:21698: ./conftest
configure:21701: $? = 1
configure: program exited with status 1
configure: failed program was:
| /* confdefs.h.  */
| 
| #define PACKAGE_NAME "openspace"
| #define PACKAGE_TARNAME "openspace"
| #define PACKAGE_VERSION "0.0.0.1"
| #define PACKAGE_STRING "openspace 0.0.0.1"
| #define PACKAGE_BUGREPORT "compbatant@t-nas.org"
| #define PACKAGE "openspace"
| #define VERSION "0.0.0.1"
| #ifdef __cplusplus
| extern "C" void std::exit (int) throw (); using std::exit;
| #endif
| #define STDC_HEADERS 1
| #define HAVE_SYS_TYPES_H 1
| #define HAVE_SYS_STAT_H 1
| #define HAVE_STDLIB_H 1
| #define HAVE_STRING_H 1
| #define HAVE_MEMORY_H 1
| #define HAVE_STRINGS_H 1
| #define HAVE_INTTYPES_H 1
| #define HAVE_STDINT_H 1
| #define HAVE_UNISTD_H 1
| #define HAVE_DLFCN_H 1
| #define HAVE_DIRENT_H 1
| #define STDC_HEADERS 1
| #define HAVE_SYS_WAIT_H 1
| #define HAVE_FCNTL_H 1
| #define HAVE_STDLIB_H 1
| #define HAVE_SYS_MOUNT_H 1
| #define HAVE_SYS_VFS_H 1
| #define HAVE_UNISTD_H 1
| #define HAVE__BOOL 1
| #define HAVE_STDBOOL_H 1
| #define HAVE_STRUCT_STAT_ST_RDEV 1
| #define HAVE_UNISTD_H 1
| #define HAVE_FORK 1
| #define HAVE_VFORK 1
| #define HAVE_WORKING_VFORK 1
| #define HAVE_WORKING_FORK 1
| #define LSTAT_FOLLOWS_SLASHED_SYMLINK 1
| /* end confdefs.h.  */
| #include <stdio.h>
| #if HAVE_SYS_TYPES_H
| # include <sys/types.h>
| #endif
| #if HAVE_SYS_STAT_H
| # include <sys/stat.h>
| #endif
| #if STDC_HEADERS
| # include <stdlib.h>
| # include <stddef.h>
| #else
| # if HAVE_STDLIB_H
| #  include <stdlib.h>
| # endif
| #endif
| #if HAVE_STRING_H
| # if !STDC_HEADERS && HAVE_MEMORY_H
| #  include <memory.h>
| # endif
| # include <string.h>
| #endif
| #if HAVE_STRINGS_H
| # include <strings.h>
| #endif
| #if HAVE_INTTYPES_H
| # include <inttypes.h>
| #else
| # if HAVE_STDINT_H
| #  include <stdint.h>
| # endif
| #endif
| #if HAVE_UNISTD_H
| # include <unistd.h>
| #endif
| int
| main ()
| {
| struct stat sbuf;
|   exit (lstat ("", &sbuf) ? 1 : 0);
|   ;
|   return 0;
| }
configure:21715: result: no
configure:21733: checking whether lstat dereferences a symlink specified with a trailing slash
configure:21793: result: yes
configure:21814: checking whether stat accepts an empty string
configure:21839: gcc -o conftest -g -O2   conftest.c  >&5
configure:21842: $? = 0
configure:21844: ./conftest
configure:21847: $? = 1
configure: program exited with status 1
configure: failed program was:
| /* confdefs.h.  */
| 
| #define PACKAGE_NAME "openspace"
| #define PACKAGE_TARNAME "openspace"
| #define PACKAGE_VERSION "0.0.0.1"
| #define PACKAGE_STRING "openspace 0.0.0.1"
| #define PACKAGE_BUGREPORT "compbatant@t-nas.org"
| #define PACKAGE "openspace"
| #define VERSION "0.0.0.1"
| #ifdef __cplusplus
| extern "C" void std::exit (int) throw (); using std::exit;
| #endif
| #define STDC_HEADERS 1
| #define HAVE_SYS_TYPES_H 1
| #define HAVE_SYS_STAT_H 1
| #define HAVE_STDLIB_H 1
| #define HAVE_STRING_H 1
| #define HAVE_MEMORY_H 1
| #define HAVE_STRINGS_H 1
| #define HAVE_INTTYPES_H 1
| #define HAVE_STDINT_H 1
| #define HAVE_UNISTD_H 1
| #define HAVE_DLFCN_H 1
| #define HAVE_DIRENT_H 1
| #define STDC_HEADERS 1
| #define HAVE_SYS_WAIT_H 1
| #define HAVE_FCNTL_H 1
| #define HAVE_STDLIB_H 1
| #define HAVE_SYS_MOUNT_H 1
| #define HAVE_SYS_VFS_H 1
| #define HAVE_UNISTD_H 1
| #define HAVE__BOOL 1
| #define HAVE_STDBOOL_H 1
| #define HAVE_STRUCT_STAT_ST_RDEV 1
| #define HAVE_UNISTD_H 1
| #define HAVE_FORK 1
| #define HAVE_VFORK 1
| #define HAVE_WORKING_VFORK 1
| #define HAVE_WORKING_FORK 1
| #define LSTAT_FOLLOWS_SLASHED_SYMLINK 1
| #define LSTAT_FOLLOWS_SLASHED_SYMLINK 1
| /* end confdefs.h.  */
| #include <stdio.h>
| #if HAVE_SYS_TYPES_H
| # include <sys/types.h>
| #endif
| #if HAVE_SYS_STAT_H
| # include <sys/stat.h>
| #endif
| #if STDC_HEADERS
| # include <stdlib.h>
| # include <stddef.h>
| #else
| # if HAVE_STDLIB_H
| #  include <stdlib.h>
| # endif
| #endif
| #if HAVE_STRING_H
| # if !STDC_HEADERS && HAVE_MEMORY_H
| #  include <memory.h>
| # endif
| # include <string.h>
| #endif
| #if HAVE_STRINGS_H
| # include <strings.h>
| #endif
| #if HAVE_INTTYPES_H
| # include <inttypes.h>
| #else
| # if HAVE_STDINT_H
| #  include <stdint.h>
| # endif
| #endif
| #if HAVE_UNISTD_H
| # include <unistd.h>
| #endif
| int
| main ()
| {
| struct stat sbuf;
|   exit (stat ("", &sbuf) ? 1 : 0);
|   ;
|   return 0;
| }
configure:21861: result: no
configure:21889: checking for dup2
configure:21946: gcc -o conftest -g -O2   conftest.c  >&5
configure:21952: $? = 0
configure:21956: test -z 
			 || test ! -s conftest.err
configure:21959: $? = 0
configure:21962: test -s conftest
configure:21965: $? = 0
configure:21977: result: yes
configure:21889: checking for endgrent
configure:21946: gcc -o conftest -g -O2   conftest.c  >&5
configure:21952: $? = 0
configure:21956: test -z 
			 || test ! -s conftest.err
configure:21959: $? = 0
configure:21962: test -s conftest
configure:21965: $? = 0
configure:21977: result: yes
configure:21889: checking for endpwent
configure:21946: gcc -o conftest -g -O2   conftest.c  >&5
configure:21952: $? = 0
configure:21956: test -z 
			 || test ! -s conftest.err
configure:21959: $? = 0
configure:21962: test -s conftest
configure:21965: $? = 0
configure:21977: result: yes
configure:21889: checking for mkdir
configure:21946: gcc -o conftest -g -O2   conftest.c  >&5
configure:21952: $? = 0
configure:21956: test -z 
			 || test ! -s conftest.err
configure:21959: $? = 0
configure:21962: test -s conftest
configure:21965: $? = 0
configure:21977: result: yes
configure:21889: checking for mkfifo
configure:21946: gcc -o conftest -g -O2   conftest.c  >&5
configure:21952: $? = 0
configure:21956: test -z 
			 || test ! -s conftest.err
configure:21959: $? = 0
configure:21962: test -s conftest
configure:21965: $? = 0
configure:21977: result: yes
configure:21889: checking for rmdir
configure:21946: gcc -o conftest -g -O2   conftest.c  >&5
configure:21952: $? = 0
configure:21956: test -z 
			 || test ! -s conftest.err
configure:21959: $? = 0
configure:21962: test -s conftest
configure:21965: $? = 0
configure:21977: result: yes
configure:21889: checking for strtoul
configure:21946: gcc -o conftest -g -O2   conftest.c  >&5
configure:21952: $? = 0
configure:21956: test -z 
			 || test ! -s conftest.err
configure:21959: $? = 0
configure:21962: test -s conftest
configure:21965: $? = 0
configure:21977: result: yes
configure:21990: checking for fxfindfox in -lFOX-1.4
configure:22020: gcc -o conftest -g -O2   conftest.c -lFOX-1.4   >&5
configure:22026: $? = 0
configure:22030: test -z 
			 || test ! -s conftest.err
configure:22033: $? = 0
configure:22036: test -s conftest
configure:22039: $? = 0
configure:22052: result: yes
configure:22068: checking for ANSI C header files
configure:22224: result: yes
configure:22255: checking fox-1.4/fx.h usability
configure:22267: g++ -c -g -O2  conftest.cc >&5
configure:22273: $? = 0
configure:22277: test -z 
			 || test ! -s conftest.err
configure:22280: $? = 0
configure:22283: test -s conftest.o
configure:22286: $? = 0
configure:22296: result: yes
configure:22300: checking fox-1.4/fx.h presence
configure:22310: g++ -E  conftest.cc
configure:22316: $? = 0
configure:22336: result: yes
configure:22371: checking for fox-1.4/fx.h
configure:22378: result: yes
configure:22514: creating ./config.status

## ---------------- ##
## Cache variables. ##
## ---------------- ##

ac_cv_build=i686-pc-linux-gnu
ac_cv_build_alias=i686-pc-linux-gnu
ac_cv_c_compiler_gnu=yes
ac_cv_c_const=yes
ac_cv_cxx_compiler_gnu=yes
ac_cv_env_CC_set=set
ac_cv_env_CC_value=gcc
ac_cv_env_CFLAGS_set=
ac_cv_env_CFLAGS_value=
ac_cv_env_CPPFLAGS_set=
ac_cv_env_CPPFLAGS_value=
ac_cv_env_CPP_set=
ac_cv_env_CPP_value=
ac_cv_env_CXXCPP_set=
ac_cv_env_CXXCPP_value=
ac_cv_env_CXXFLAGS_set=
ac_cv_env_CXXFLAGS_value=
ac_cv_env_CXX_set=set
ac_cv_env_CXX_value=g++
ac_cv_env_F77_set=
ac_cv_env_F77_value=
ac_cv_env_FFLAGS_set=
ac_cv_env_FFLAGS_value=
ac_cv_env_LDFLAGS_set=
ac_cv_env_LDFLAGS_value=
ac_cv_env_build_alias_set=
ac_cv_env_build_alias_value=
ac_cv_env_host_alias_set=
ac_cv_env_host_alias_value=
ac_cv_env_target_alias_set=
ac_cv_env_target_alias_value=
ac_cv_exeext=
ac_cv_f77_compiler_gnu=no
ac_cv_func_closedir_void=no
ac_cv_func_dup2=yes
ac_cv_func_endgrent=yes
ac_cv_func_endpwent=yes
ac_cv_func_fork=yes
ac_cv_func_fork_works=yes
ac_cv_func_lstat_dereferences_slashed_symlink=yes
ac_cv_func_lstat_empty_string_bug=no
ac_cv_func_mkdir=yes
ac_cv_func_mkfifo=yes
ac_cv_func_rmdir=yes
ac_cv_func_stat_empty_string_bug=no
ac_cv_func_strtoul=yes
ac_cv_func_vfork=yes
ac_cv_func_vfork_works=yes
ac_cv_header_dirent_dirent_h=yes
ac_cv_header_dlfcn_h=yes
ac_cv_header_fcntl_h=yes
ac_cv_header_fox_1_4_fx_h=yes
ac_cv_header_inttypes_h=yes
ac_cv_header_memory_h=yes
ac_cv_header_stdbool_h=yes
ac_cv_header_stdc=yes
ac_cv_header_stdint_h=yes
ac_cv_header_stdlib_h=yes
ac_cv_header_string_h=yes
ac_cv_header_strings_h=yes
ac_cv_header_sys_mount_h=yes
ac_cv_header_sys_stat_h=yes
ac_cv_header_sys_types_h=yes
ac_cv_header_sys_vfs_h=yes
ac_cv_header_sys_wait_h=yes
ac_cv_header_unistd_h=yes
ac_cv_header_vfork_h=no
ac_cv_host=i686-pc-linux-gnu
ac_cv_host_alias=i686-pc-linux-gnu
ac_cv_lib_FOX_1_4_fxfindfox=yes
ac_cv_member_struct_stat_st_rdev=yes
ac_cv_objext=o
ac_cv_path_install='/bin/install -c'
ac_cv_prog_AWK=gawk
ac_cv_prog_CPP='gcc -E'
ac_cv_prog_CXXCPP='g++ -E'
ac_cv_prog_ac_ct_AR=ar
ac_cv_prog_ac_ct_CC=gcc
ac_cv_prog_ac_ct_RANLIB=ranlib
ac_cv_prog_ac_ct_STRIP=strip
ac_cv_prog_cc_g=yes
ac_cv_prog_cc_stdc=
ac_cv_prog_cxx_g=yes
ac_cv_prog_egrep='grep -E'
ac_cv_prog_f77_g=no
ac_cv_prog_gcc_traditional=no
ac_cv_prog_make_make_set=yes
ac_cv_search_opendir='none required'
ac_cv_type__Bool=yes
ac_cv_type_pid_t=yes
am_cv_CC_dependencies_compiler_type=gcc3
am_cv_CXX_dependencies_compiler_type=gcc3
lt_cv_cc_64bit_output=no
lt_cv_deplibs_check_method=pass_all
lt_cv_file_magic_cmd='$MAGIC_CMD'
lt_cv_file_magic_test_file=
lt_cv_ld_reload_flag=-r
lt_cv_objdir=.libs
lt_cv_path_LD=/usr/i686-pc-linux-gnu/bin/ld
lt_cv_path_LDCXX=/usr/i686-pc-linux-gnu/bin/ld
lt_cv_path_NM='/usr/bin/nm -B'
lt_cv_path_SED=/bin/sed
lt_cv_prog_compiler_c_o=yes
lt_cv_prog_compiler_c_o_CXX=yes
lt_cv_prog_compiler_rtti_exceptions=no
lt_cv_prog_gnu_ld=yes
lt_cv_prog_gnu_ldcxx=yes
lt_cv_sys_global_symbol_pipe='sed -n -e '\''s/^.*[ 	]\([ABCDGIRSTW][ABCDGIRSTW]*\)[ 	][ 	]*\([_A-Za-z][_A-Za-z0-9]*\)$/\1 \2 \2/p'\'''
lt_cv_sys_global_symbol_to_c_name_address='sed -n -e '\''s/^: \([^ ]*\) $/  {\"\1\", (lt_ptr) 0},/p'\'' -e '\''s/^[BCDEGRST] \([^ ]*\) \([^ ]*\)$/  {"\2", (lt_ptr) \&\2},/p'\'''
lt_cv_sys_global_symbol_to_cdecl='sed -n -e '\''s/^. .* \(.*\)$/extern int \1;/p'\'''
lt_cv_sys_max_cmd_len=32768
lt_lt_cv_prog_compiler_c_o='"yes"'
lt_lt_cv_prog_compiler_c_o_CXX='"yes"'
lt_lt_cv_sys_global_symbol_pipe='"sed -n -e '\''s/^.*[ 	]\\([ABCDGIRSTW][ABCDGIRSTW]*\\)[ 	][ 	]*\\([_A-Za-z][_A-Za-z0-9]*\\)\$/\\1 \\2 \\2/p'\''"'
lt_lt_cv_sys_global_symbol_to_c_name_address='"sed -n -e '\''s/^: \\([^ ]*\\) \$/  {\\\"\\1\\\", (lt_ptr) 0},/p'\'' -e '\''s/^[BCDEGRST] \\([^ ]*\\) \\([^ ]*\\)\$/  {\"\\2\", (lt_ptr) \\&\\2},/p'\''"'
lt_lt_cv_sys_global_symbol_to_cdecl='"sed -n -e '\''s/^. .* \\(.*\\)\$/extern int \\1;/p'\''"'

## ----------------- ##
## Output variables. ##
## ----------------- ##

ACLOCAL='${SHELL} /root/openspace/trunk/missing --run aclocal-1.9'
AMDEPBACKSLASH='\'
AMDEP_FALSE='#'
AMDEP_TRUE=''
AMTAR='${SHELL} /root/openspace/trunk/missing --run tar'
AR='ar'
AUTOCONF='${SHELL} /root/openspace/trunk/missing --run autoconf'
AUTOHEADER='${SHELL} /root/openspace/trunk/missing --run autoheader'
AUTOMAKE='${SHELL} /root/openspace/trunk/missing --run automake-1.9'
AWK='gawk'
CC='gcc'
CCDEPMODE='depmode=gcc3'
CFLAGS='-g -O2'
CPP='gcc -E'
CPPFLAGS=''
CXX='g++'
CXXCPP='g++ -E'
CXXDEPMODE='depmode=gcc3'
CXXFLAGS='-g -O2'
CYGPATH_W='echo'
DEFS='-DHAVE_CONFIG_H'
DEPDIR='.deps'
ECHO='echo'
ECHO_C=''
ECHO_N='-n'
ECHO_T=''
EGREP='grep -E'
EXEEXT=''
F77=''
FFLAGS=''
INSTALL_DATA='${INSTALL} -m 644'
INSTALL_PROGRAM='${INSTALL}'
INSTALL_SCRIPT='${INSTALL}'
INSTALL_STRIP_PROGRAM='${SHELL} $(install_sh) -c -s'
LDFLAGS=''
LIBOBJS=''
LIBS='-lFOX-1.4 '
LIBTOOL='$(SHELL) $(top_builddir)/libtool'
LN_S='ln -s'
LTLIBOBJS=''
MAKEINFO='${SHELL} /root/openspace/trunk/missing --run makeinfo'
OBJEXT='o'
PACKAGE='openspace'
PACKAGE_BUGREPORT='compbatant@t-nas.org'
PACKAGE_NAME='openspace'
PACKAGE_STRING='openspace 0.0.0.1'
PACKAGE_TARNAME='openspace'
PACKAGE_VERSION='0.0.0.1'
PATH_SEPARATOR=':'
RANLIB='ranlib'
SET_MAKE=''
SHELL='/bin/sh'
STRIP='strip'
VERSION='0.0.0.1'
ac_ct_AR='ar'
ac_ct_CC='gcc'
ac_ct_CXX=''
ac_ct_F77=''
ac_ct_RANLIB='ranlib'
ac_ct_STRIP='strip'
am__fastdepCC_FALSE='#'
am__fastdepCC_TRUE=''
am__fastdepCXX_FALSE='#'
am__fastdepCXX_TRUE=''
am__include='include'
am__leading_dot='.'
am__quote=''
am__tar='${AMTAR} chof - "$$tardir"'
am__untar='${AMTAR} xf -'
bindir='${exec_prefix}/bin'
build='i686-pc-linux-gnu'
build_alias=''
build_cpu='i686'
build_os='linux-gnu'
build_vendor='pc'
datadir='${prefix}/share'
exec_prefix='${prefix}'
host='i686-pc-linux-gnu'
host_alias=''
host_cpu='i686'
host_os='linux-gnu'
host_vendor='pc'
includedir='${prefix}/include'
infodir='${prefix}/info'
install_sh='/root/openspace/trunk/install-sh'
libdir='${exec_prefix}/lib'
libexecdir='${exec_prefix}/libexec'
localstatedir='${prefix}/var'
mandir='${prefix}/man'
mkdir_p='mkdir -p --'
oldincludedir='/usr/include'
prefix='/usr/local'
program_transform_name='s,x,x,'
sbindir='${exec_prefix}/sbin'
sharedstatedir='${prefix}/com'
sysconfdir='${prefix}/etc'
target_alias=''

## ----------- ##
## confdefs.h. ##
## ----------- ##

#define HAVE_DIRENT_H 1
#define HAVE_DLFCN_H 1
#define HAVE_DUP2 1
#define HAVE_ENDGRENT 1
#define HAVE_ENDPWENT 1
#define HAVE_FCNTL_H 1
#define HAVE_FORK 1
#define HAVE_FOX_1_4_FX_H 1
#define HAVE_INTTYPES_H 1
#define HAVE_LIBFOX_1_4 1
#define HAVE_MEMORY_H 1
#define HAVE_MKDIR 1
#define HAVE_MKFIFO 1
#define HAVE_RMDIR 1
#define HAVE_STDBOOL_H 1
#define HAVE_STDINT_H 1
#define HAVE_STDLIB_H 1
#define HAVE_STDLIB_H 1
#define HAVE_STRINGS_H 1
#define HAVE_STRING_H 1
#define HAVE_STRTOUL 1
#define HAVE_STRUCT_STAT_ST_RDEV 1
#define HAVE_SYS_MOUNT_H 1
#define HAVE_SYS_STAT_H 1
#define HAVE_SYS_TYPES_H 1
#define HAVE_SYS_VFS_H 1
#define HAVE_SYS_WAIT_H 1
#define HAVE_UNISTD_H 1
#define HAVE_UNISTD_H 1
#define HAVE_UNISTD_H 1
#define HAVE_VFORK 1
#define HAVE_WORKING_FORK 1
#define HAVE_WORKING_VFORK 1
#define HAVE__BOOL 1
#define LSTAT_FOLLOWS_SLASHED_SYMLINK 1
#define LSTAT_FOLLOWS_SLASHED_SYMLINK 1
#define PACKAGE "openspace"
#define PACKAGE_BUGREPORT "compbatant@t-nas.org"
#define PACKAGE_NAME "openspace"
#define PACKAGE_STRING "openspace 0.0.0.1"
#define PACKAGE_TARNAME "openspace"
#define PACKAGE_VERSION "0.0.0.1"
#define STDC_HEADERS 1
#define STDC_HEADERS 1
#define STDC_HEADERS 1
#define VERSION "0.0.0.1"
#endif
#ifdef __cplusplus
extern "C" void std::exit (int) throw (); using std::exit;

configure: exit 0

## ---------------------- ##
## Running config.status. ##
## ---------------------- ##

This file was extended by openspace config.status 0.0.0.1, which was
generated by GNU Autoconf 2.59.  Invocation command line was

  CONFIG_FILES    = 
  CONFIG_HEADERS  = 
  CONFIG_LINKS    = 
  CONFIG_COMMANDS = 
  $ ./config.status 

on compbatant

config.status:720: creating openspacerc
config.status:720: creating Makefile
config.status:720: creating src/Makefile
config.status:720: creating icons/Makefile
config.status:720: creating src/plugins/Makefile
config.status:720: creating src/plugins/filelist/Makefile
config.status:720: creating src/plugins/cmddialog/Makefile
config.status:824: creating src/config.h
config.status:1004: src/config.h is unchanged
config.status:1184: executing depfiles commands

## ---------------------- ##
## Running config.status. ##
## ---------------------- ##

This file was extended by openspace config.status 0.0.0.1, which was
generated by GNU Autoconf 2.59.  Invocation command line was

  CONFIG_FILES    = 
  CONFIG_HEADERS  = 
  CONFIG_LINKS    = 
  CONFIG_COMMANDS = 
  $ ./config.status src/config.h

on compbatant

config.status:824: creating src/config.h
config.status:1004: src/config.h is unchanged
